# JRE version: OpenJDK Runtime Environment Temurin-21.0.8+9 (21.0.8+9) (build 21.0.8+9-LTS)
# Java VM: OpenJDK 64-Bit Server VM Temurin-21.0.8+9 (21.0.8+9-LTS, mixed mode, sharing, tiered, compressed oops, compressed class ptrs, parallel gc, windows-amd64)
GC Precious Log:
 CardTable entry size: 512
 CPUs: 12 total, 12 available
 Memory: 15720M
 Large Page Support: Disabled
 NUMA Support: Disabled
 Compressed Oops: Enabled (32-bit)
 Alignments: Space 512K, Generation 512K, Heap 2M
 Heap Min Capacity: 100M
 Heap Initial Capacity: 100M
 Heap Max Capacity: 2G
 Pre-touch: Disabled
 Parallel Workers: 10
Heap:
 PSYoungGen      total 5632K, used 644K [0x00000000d5580000, 0x00000000d5e00000, 0x0000000100000000)
  eden space 3584K, 10% used [0x00000000d5580000,0x00000000d55e10b8,0x00000000d5900000)
  from space 2048K, 12% used [0x00000000d5a80000,0x00000000d5ac0000,0x00000000d5c80000)
  to   space 1024K, 0% used [0x00000000d5d00000,0x00000000d5d00000,0x00000000d5e00000)
 ParOldGen       total 658944K, used 658909K [0x0000000080000000, 0x00000000a8380000, 0x00000000d5580000)
  object space 658944K, 99% used [0x0000000080000000,0x00000000a8377678,0x00000000a8380000)
 Metaspace       used 78354K, committed 79872K, reserved 1179648K
  class space    used 8308K, committed 8960K, reserved 1048576K
GC Heap History (20 events):
Event: 623.955 GC heap before
{Heap before GC invocations=783 (full 3):
 PSYoungGen      total 4096K, used 3808K [0x00000000d5580000, 0x00000000d5b80000, 0x0000000100000000)
  eden space 3584K, 100% used [0x00000000d5580000,0x00000000d5900000,0x00000000d5900000)
  from space 512K, 43% used [0x00000000d5a80000,0x00000000d5ab8000,0x00000000d5b00000)
  to   space 512K, 0% used [0x00000000d5b00000,0x00000000d5b00000,0x00000000d5b80000)
 ParOldGen       total 650240K, used 650195K [0x0000000080000000, 0x00000000a7b00000, 0x00000000d5580000)
  object space 650240K, 99% used [0x0000000080000000,0x00000000a7af4fc8,0x00000000a7b00000)
 Metaspace       used 78253K, committed 79808K, reserved 1179648K
  class space    used 8303K, committed 8960K, reserved 1048576K
}
Event: 623.959 GC heap after
{Heap after GC invocations=783 (full 3):
 PSYoungGen      total 4096K, used 160K [0x00000000d5580000, 0x00000000d5b80000, 0x0000000100000000)
  eden space 3584K, 0% used [0x00000000d5580000,0x00000000d5580000,0x00000000d5900000)
  from space 512K, 31% used [0x00000000d5b00000,0x00000000d5b28000,0x00000000d5b80000)
  to   space 512K, 0% used [0x00000000d5a80000,0x00000000d5a80000,0x00000000d5b00000)
 ParOldGen       total 650240K, used 650219K [0x0000000080000000, 0x00000000a7b00000, 0x00000000d5580000)
  object space 650240K, 99% used [0x0000000080000000,0x00000000a7afafc8,0x00000000a7b00000)
 Metaspace       used 78253K, committed 79808K, reserved 1179648K
  class space    used 8303K, committed 8960K, reserved 1048576K
}
Event: 624.715 GC heap before
{Heap before GC invocations=784 (full 3):
 PSYoungGen      total 4096K, used 3744K [0x00000000d5580000, 0x00000000d5b80000, 0x0000000100000000)
  eden space 3584K, 100% used [0x00000000d5580000,0x00000000d5900000,0x00000000d5900000)
  from space 512K, 31% used [0x00000000d5b00000,0x00000000d5b28000,0x00000000d5b80000)
  to   space 512K, 0% used [0x00000000d5a80000,0x00000000d5a80000,0x00000000d5b00000)
 ParOldGen       total 650240K, used 650219K [0x0000000080000000, 0x00000000a7b00000, 0x00000000d5580000)
  object space 650240K, 99% used [0x0000000080000000,0x00000000a7afafc8,0x00000000a7b00000)
 Metaspace       used 78261K, committed 79808K, reserved 1179648K
  class space    used 8303K, committed 8960K, reserved 1048576K
}
Event: 624.719 GC heap after
{Heap after GC invocations=784 (full 3):
 PSYoungGen      total 4096K, used 491K [0x00000000d5580000, 0x00000000d5b80000, 0x0000000100000000)
  eden space 3584K, 0% used [0x00000000d5580000,0x00000000d5580000,0x00000000d5900000)
  from space 512K, 95% used [0x00000000d5a80000,0x00000000d5afac28,0x00000000d5b00000)
  to   space 512K, 0% used [0x00000000d5b00000,0x00000000d5b00000,0x00000000d5b80000)
 ParOldGen       total 650752K, used 650283K [0x0000000080000000, 0x00000000a7b80000, 0x00000000d5580000)
  object space 650752K, 99% used [0x0000000080000000,0x00000000a7b0afc8,0x00000000a7b80000)
 Metaspace       used 78261K, committed 79808K, reserved 1179648K
  class space    used 8303K, committed 8960K, reserved 1048576K
}
Event: 625.215 GC heap before
{Heap before GC invocations=785 (full 3):
 PSYoungGen      total 4096K, used 4075K [0x00000000d5580000, 0x00000000d5b80000, 0x0000000100000000)
  eden space 3584K, 100% used [0x00000000d5580000,0x00000000d5900000,0x00000000d5900000)
  from space 512K, 95% used [0x00000000d5a80000,0x00000000d5afac28,0x00000000d5b00000)
  to   space 512K, 0% used [0x00000000d5b00000,0x00000000d5b00000,0x00000000d5b80000)
 ParOldGen       total 650752K, used 650283K [0x0000000080000000, 0x00000000a7b80000, 0x00000000d5580000)
  object space 650752K, 99% used [0x0000000080000000,0x00000000a7b0afc8,0x00000000a7b80000)
 Metaspace       used 78301K, committed 79872K, reserved 1179648K
  class space    used 8308K, committed 8960K, reserved 1048576K
}
Event: 625.221 GC heap after
{Heap after GC invocations=785 (full 3):
 PSYoungGen      total 4096K, used 502K [0x00000000d5580000, 0x00000000d5d00000, 0x0000000100000000)
  eden space 3584K, 0% used [0x00000000d5580000,0x00000000d5580000,0x00000000d5900000)
  from space 512K, 98% used [0x00000000d5b00000,0x00000000d5b7d850,0x00000000d5b80000)
  to   space 2048K, 0% used [0x00000000d5900000,0x00000000d5900000,0x00000000d5b00000)
 ParOldGen       total 651264K, used 651180K [0x0000000080000000, 0x00000000a7c00000, 0x00000000d5580000)
  object space 651264K, 99% used [0x0000000080000000,0x00000000a7beb300,0x00000000a7c00000)
 Metaspace       used 78301K, committed 79872K, reserved 1179648K
  class space    used 8308K, committed 8960K, reserved 1048576K
}
Event: 625.251 GC heap before
{Heap before GC invocations=786 (full 3):
 PSYoungGen      total 4096K, used 4086K [0x00000000d5580000, 0x00000000d5d00000, 0x0000000100000000)
  eden space 3584K, 100% used [0x00000000d5580000,0x00000000d5900000,0x00000000d5900000)
  from space 512K, 98% used [0x00000000d5b00000,0x00000000d5b7d850,0x00000000d5b80000)
  to   space 2048K, 0% used [0x00000000d5900000,0x00000000d5900000,0x00000000d5b00000)
 ParOldGen       total 651264K, used 651180K [0x0000000080000000, 0x00000000a7c00000, 0x00000000d5580000)
  object space 651264K, 99% used [0x0000000080000000,0x00000000a7beb300,0x00000000a7c00000)
 Metaspace       used 78301K, committed 79872K, reserved 1179648K
  class space    used 8308K, committed 8960K, reserved 1048576K
}
Event: 625.256 GC heap after
{Heap after GC invocations=786 (full 3):
 PSYoungGen      total 5632K, used 2029K [0x00000000d5580000, 0x00000000d6200000, 0x0000000100000000)
  eden space 3584K, 0% used [0x00000000d5580000,0x00000000d5580000,0x00000000d5900000)
  from space 2048K, 99% used [0x00000000d5900000,0x00000000d5afb630,0x00000000d5b00000)
  to   space 4608K, 0% used [0x00000000d5d80000,0x00000000d5d80000,0x00000000d6200000)
 ParOldGen       total 653312K, used 652951K [0x0000000080000000, 0x00000000a7e00000, 0x00000000d5580000)
  object space 653312K, 99% used [0x0000000080000000,0x00000000a7da5fd0,0x00000000a7e00000)
 Metaspace       used 78301K, committed 79872K, reserved 1179648K
  class space    used 8308K, committed 8960K, reserved 1048576K
}
Event: 625.275 GC heap before
{Heap before GC invocations=787 (full 3):
 PSYoungGen      total 5632K, used 5613K [0x00000000d5580000, 0x00000000d6200000, 0x0000000100000000)
  eden space 3584K, 100% used [0x00000000d5580000,0x00000000d5900000,0x00000000d5900000)
  from space 2048K, 99% used [0x00000000d5900000,0x00000000d5afb630,0x00000000d5b00000)
  to   space 4608K, 0% used [0x00000000d5d80000,0x00000000d5d80000,0x00000000d6200000)
 ParOldGen       total 653312K, used 652951K [0x0000000080000000, 0x00000000a7e00000, 0x00000000d5580000)
  object space 653312K, 99% used [0x0000000080000000,0x00000000a7da5fd0,0x00000000a7e00000)
 Metaspace       used 78302K, committed 79872K, reserved 1179648K
  class space    used 8308K, committed 8960K, reserved 1048576K
}
Event: 625.278 GC heap after
{Heap after GC invocations=787 (full 3):
 PSYoungGen      total 4096K, used 320K [0x00000000d5580000, 0x00000000d5e00000, 0x0000000100000000)
  eden space 3584K, 0% used [0x00000000d5580000,0x00000000d5580000,0x00000000d5900000)
  from space 512K, 62% used [0x00000000d5d80000,0x00000000d5dd0000,0x00000000d5e00000)
  to   space 2048K, 0% used [0x00000000d5a00000,0x00000000d5a00000,0x00000000d5c00000)
 ParOldGen       total 653312K, used 653095K [0x0000000080000000, 0x00000000a7e00000, 0x00000000d5580000)
  object space 653312K, 99% used [0x0000000080000000,0x00000000a7dc9fd0,0x00000000a7e00000)
 Metaspace       used 78302K, committed 79872K, reserved 1179648K
  class space    used 8308K, committed 8960K, reserved 1048576K
}
Event: 625.325 GC heap before
{Heap before GC invocations=788 (full 3):
 PSYoungGen      total 4096K, used 3904K [0x00000000d5580000, 0x00000000d5e00000, 0x0000000100000000)
  eden space 3584K, 100% used [0x00000000d5580000,0x00000000d5900000,0x00000000d5900000)
  from space 512K, 62% used [0x00000000d5d80000,0x00000000d5dd0000,0x00000000d5e00000)
  to   space 2048K, 0% used [0x00000000d5a00000,0x00000000d5a00000,0x00000000d5c00000)
 ParOldGen       total 653312K, used 653095K [0x0000000080000000, 0x00000000a7e00000, 0x00000000d5580000)
  object space 653312K, 99% used [0x0000000080000000,0x00000000a7dc9fd0,0x00000000a7e00000)
 Metaspace       used 78320K, committed 79872K, reserved 1179648K
  class space    used 8308K, committed 8960K, reserved 1048576K
}
Event: 625.328 GC heap after
{Heap after GC invocations=788 (full 3):
 PSYoungGen      total 5632K, used 320K [0x00000000d5580000, 0x00000000d5e00000, 0x0000000100000000)
  eden space 3584K, 0% used [0x00000000d5580000,0x00000000d5580000,0x00000000d5900000)
  from space 2048K, 15% used [0x00000000d5a00000,0x00000000d5a50000,0x00000000d5c00000)
  to   space 1024K, 0% used [0x00000000d5d00000,0x00000000d5d00000,0x00000000d5e00000)
 ParOldGen       total 653824K, used 653321K [0x0000000080000000, 0x00000000a7e80000, 0x00000000d5580000)
  object space 653824K, 99% used [0x0000000080000000,0x00000000a7e027e0,0x00000000a7e80000)
 Metaspace       used 78320K, committed 79872K, reserved 1179648K
  class space    used 8308K, committed 8960K, reserved 1048576K
}
Event: 627.090 GC heap before
{Heap before GC invocations=789 (full 3):
 PSYoungGen      total 5632K, used 3904K [0x00000000d5580000, 0x00000000d5e00000, 0x0000000100000000)
  eden space 3584K, 100% used [0x00000000d5580000,0x00000000d5900000,0x00000000d5900000)
  from space 2048K, 15% used [0x00000000d5a00000,0x00000000d5a50000,0x00000000d5c00000)
  to   space 1024K, 0% used [0x00000000d5d00000,0x00000000d5d00000,0x00000000d5e00000)
 ParOldGen       total 653824K, used 653321K [0x0000000080000000, 0x00000000a7e80000, 0x00000000d5580000)
  object space 653824K, 99% used [0x0000000080000000,0x00000000a7e027e0,0x00000000a7e80000)
 Metaspace       used 78338K, committed 79872K, reserved 1179648K
  class space    used 8308K, committed 8960K, reserved 1048576K
}
Event: 627.094 GC heap after
{Heap after GC invocations=789 (full 3):
 PSYoungGen      total 4608K, used 1006K [0x00000000d5580000, 0x00000000d5e00000, 0x0000000100000000)
  eden space 3584K, 0% used [0x00000000d5580000,0x00000000d5580000,0x00000000d5900000)
  from space 1024K, 98% used [0x00000000d5d00000,0x00000000d5dfbaa8,0x00000000d5e00000)
  to   space 2560K, 0% used [0x00000000d5900000,0x00000000d5900000,0x00000000d5b80000)
 ParOldGen       total 654848K, used 654438K [0x0000000080000000, 0x00000000a7f80000, 0x00000000d5580000)
  object space 654848K, 99% used [0x0000000080000000,0x00000000a7f19be0,0x00000000a7f80000)
 Metaspace       used 78338K, committed 79872K, reserved 1179648K
  class space    used 8308K, committed 8960K, reserved 1048576K
}
Event: 627.115 GC heap before
{Heap before GC invocations=790 (full 3):
 PSYoungGen      total 4608K, used 4590K [0x00000000d5580000, 0x00000000d5e00000, 0x0000000100000000)
  eden space 3584K, 100% used [0x00000000d5580000,0x00000000d5900000,0x00000000d5900000)
  from space 1024K, 98% used [0x00000000d5d00000,0x00000000d5dfbaa8,0x00000000d5e00000)
  to   space 2560K, 0% used [0x00000000d5900000,0x00000000d5900000,0x00000000d5b80000)
 ParOldGen       total 654848K, used 654438K [0x0000000080000000, 0x00000000a7f80000, 0x00000000d5580000)
  object space 654848K, 99% used [0x0000000080000000,0x00000000a7f19be0,0x00000000a7f80000)
 Metaspace       used 78338K, committed 79872K, reserved 1179648K
  class space    used 8308K, committed 8960K, reserved 1048576K
}
Event: 627.122 GC heap after
{Heap after GC invocations=790 (full 3):
 PSYoungGen      total 6144K, used 2560K [0x00000000d5580000, 0x00000000d6200000, 0x0000000100000000)
  eden space 3584K, 0% used [0x00000000d5580000,0x00000000d5580000,0x00000000d5900000)
  from space 2560K, 100% used [0x00000000d5900000,0x00000000d5b80000,0x00000000d5b80000)
  to   space 4608K, 0% used [0x00000000d5d80000,0x00000000d5d80000,0x00000000d6200000)
 ParOldGen       total 655872K, used 655794K [0x0000000080000000, 0x00000000a8080000, 0x00000000d5580000)
  object space 655872K, 99% used [0x0000000080000000,0x00000000a806cb08,0x00000000a8080000)
 Metaspace       used 78338K, committed 79872K, reserved 1179648K
  class space    used 8308K, committed 8960K, reserved 1048576K
}
Event: 627.137 GC heap before
{Heap before GC invocations=791 (full 3):
 PSYoungGen      total 6144K, used 6144K [0x00000000d5580000, 0x00000000d6200000, 0x0000000100000000)
  eden space 3584K, 100% used [0x00000000d5580000,0x00000000d5900000,0x00000000d5900000)
  from space 2560K, 100% used [0x00000000d5900000,0x00000000d5b80000,0x00000000d5b80000)
  to   space 4608K, 0% used [0x00000000d5d80000,0x00000000d5d80000,0x00000000d6200000)
 ParOldGen       total 655872K, used 655794K [0x0000000080000000, 0x00000000a8080000, 0x00000000d5580000)
  object space 655872K, 99% used [0x0000000080000000,0x00000000a806cb08,0x00000000a8080000)
 Metaspace       used 78338K, committed 79872K, reserved 1179648K
  class space    used 8308K, committed 8960K, reserved 1048576K
}
Event: 627.145 GC heap after
{Heap after GC invocations=791 (full 3):
 PSYoungGen      total 4608K, used 832K [0x00000000d5580000, 0x00000000d5e80000, 0x0000000100000000)
  eden space 3584K, 0% used [0x00000000d5580000,0x00000000d5580000,0x00000000d5900000)
  from space 1024K, 81% used [0x00000000d5d80000,0x00000000d5e50000,0x00000000d5e80000)
  to   space 2048K, 0% used [0x00000000d5a80000,0x00000000d5a80000,0x00000000d5c80000)
 ParOldGen       total 658432K, used 658258K [0x0000000080000000, 0x00000000a8300000, 0x00000000d5580000)
  object space 658432K, 99% used [0x0000000080000000,0x00000000a82d4b08,0x00000000a8300000)
 Metaspace       used 78338K, committed 79872K, reserved 1179648K
  class space    used 8308K, committed 8960K, reserved 1048576K
}
Event: 627.185 GC heap before
{Heap before GC invocations=792 (full 3):
 PSYoungGen      total 4608K, used 4416K [0x00000000d5580000, 0x00000000d5e80000, 0x0000000100000000)
  eden space 3584K, 100% used [0x00000000d5580000,0x00000000d5900000,0x00000000d5900000)
  from space 1024K, 81% used [0x00000000d5d80000,0x00000000d5e50000,0x00000000d5e80000)
  to   space 2048K, 0% used [0x00000000d5a80000,0x00000000d5a80000,0x00000000d5c80000)
 ParOldGen       total 658432K, used 658258K [0x0000000080000000, 0x00000000a8300000, 0x00000000d5580000)
  object space 658432K, 99% used [0x0000000080000000,0x00000000a82d4b08,0x00000000a8300000)
 Metaspace       used 78354K, committed 79872K, reserved 1179648K
  class space    used 8308K, committed 8960K, reserved 1048576K
}
Event: 627.189 GC heap after
{Heap after GC invocations=792 (full 3):
 PSYoungGen      total 5632K, used 256K [0x00000000d5580000, 0x00000000d5e00000, 0x0000000100000000)
  eden space 3584K, 0% used [0x00000000d5580000,0x00000000d5580000,0x00000000d5900000)
  from space 2048K, 12% used [0x00000000d5a80000,0x00000000d5ac0000,0x00000000d5c80000)
  to   space 1024K, 0% used [0x00000000d5d00000,0x00000000d5d00000,0x00000000d5e00000)
 ParOldGen       total 658944K, used 658909K [0x0000000080000000, 0x00000000a8380000, 0x00000000d5580000)
  object space 658944K, 99% used [0x0000000080000000,0x00000000a8377678,0x00000000a8380000)
 Metaspace       used 78354K, committed 79872K, reserved 1179648K
  class space    used 8308K, committed 8960K, reserved 1048576K
}

